[debug] [2026-05-16T10:05:46.159Z] ----------------------------------------------------------------------
[debug] [2026-05-16T10:05:46.161Z] Command:       /usr/local/bin/node /usr/local/bin/firebase deploy --only functions
[debug] [2026-05-16T10:05:46.161Z] CLI Version:   15.18.0
[debug] [2026-05-16T10:05:46.161Z] Platform:      darwin
[debug] [2026-05-16T10:05:46.161Z] Node Version:  v24.15.0
[debug] [2026-05-16T10:05:46.161Z] Time:          Sat May 16 2026 14:05:46 GMT+0400 (Georgia Standard Time)
[debug] [2026-05-16T10:05:46.161Z] ----------------------------------------------------------------------
[debug] 
[debug] [2026-05-16T10:05:46.921Z] > command requires scopes: ["email","openid","https://www.googleapis.com/auth/cloudplatformprojects.readonly","https://www.googleapis.com/auth/firebase","https://www.googleapis.com/auth/cloud-platform"]
[debug] [2026-05-16T10:05:46.921Z] > authorizing via signed-in user (nikavibliani@gmail.com)
[debug] [2026-05-16T10:05:46.921Z] [iam] checking project sleepy-5c962 for permissions ["cloudfunctions.functions.create","cloudfunctions.functions.delete","cloudfunctions.functions.get","cloudfunctions.functions.list","cloudfunctions.functions.update","cloudfunctions.operations.get","firebase.projects.get"]
[debug] [2026-05-16T10:05:46.922Z] Checked if tokens are valid: true, expires at: 1778929368404
[debug] [2026-05-16T10:05:46.922Z] Checked if tokens are valid: true, expires at: 1778929368404
[debug] [2026-05-16T10:05:46.922Z] >>> [apiv2][query] POST https://cloudresourcemanager.googleapis.com/v1/projects/sleepy-5c962:testIamPermissions [none]
[debug] [2026-05-16T10:05:46.922Z] >>> [apiv2][(partial)header] POST https://cloudresourcemanager.googleapis.com/v1/projects/sleepy-5c962:testIamPermissions  x-goog-user-project=sleepy-5c962
[debug] [2026-05-16T10:05:46.922Z] >>> [apiv2][body] POST https://cloudresourcemanager.googleapis.com/v1/projects/sleepy-5c962:testIamPermissions {"permissions":["cloudfunctions.functions.create","cloudfunctions.functions.delete","cloudfunctions.functions.get","cloudfunctions.functions.list","cloudfunctions.functions.update","cloudfunctions.operations.get","firebase.projects.get"]}
[debug] [2026-05-16T10:05:47.276Z] <<< [apiv2][status] POST https://cloudresourcemanager.googleapis.com/v1/projects/sleepy-5c962:testIamPermissions 200
[debug] [2026-05-16T10:05:47.277Z] <<< [apiv2][body] POST https://cloudresourcemanager.googleapis.com/v1/projects/sleepy-5c962:testIamPermissions {"permissions":["cloudfunctions.functions.create","cloudfunctions.functions.delete","cloudfunctions.functions.get","cloudfunctions.functions.list","cloudfunctions.functions.update","cloudfunctions.operations.get","firebase.projects.get"]}
[debug] [2026-05-16T10:05:47.277Z] Checked if tokens are valid: true, expires at: 1778929368404
[debug] [2026-05-16T10:05:47.277Z] Checked if tokens are valid: true, expires at: 1778929368404
[debug] [2026-05-16T10:05:47.277Z] >>> [apiv2][query] POST https://iam.googleapis.com/v1/projects/sleepy-5c962/serviceAccounts/sleepy-5c962@appspot.gserviceaccount.com:testIamPermissions [none]
[debug] [2026-05-16T10:05:47.277Z] >>> [apiv2][body] POST https://iam.googleapis.com/v1/projects/sleepy-5c962/serviceAccounts/sleepy-5c962@appspot.gserviceaccount.com:testIamPermissions {"permissions":["iam.serviceAccounts.actAs"]}
[debug] [2026-05-16T10:05:48.366Z] <<< [apiv2][status] POST https://iam.googleapis.com/v1/projects/sleepy-5c962/serviceAccounts/sleepy-5c962@appspot.gserviceaccount.com:testIamPermissions 404
[debug] [2026-05-16T10:05:48.366Z] <<< [apiv2][body] POST https://iam.googleapis.com/v1/projects/sleepy-5c962/serviceAccounts/sleepy-5c962@appspot.gserviceaccount.com:testIamPermissions {"error":{"code":404,"message":"Unknown service account","status":"NOT_FOUND"}}
[debug] [2026-05-16T10:05:48.368Z] [functions] service account IAM check errored, deploy may fail: Request to https://iam.googleapis.com/v1/projects/sleepy-5c962/serviceAccounts/sleepy-5c962@appspot.gserviceaccount.com:testIamPermissions had HTTP Error: 404, Unknown service account {"name":"FirebaseError","children":[],"context":{"body":{"error":{"code":404,"message":"Unknown service account","status":"NOT_FOUND"}},"response":{"statusCode":404}},"exit":1,"message":"Request to https://iam.googleapis.com/v1/projects/sleepy-5c962/serviceAccounts/sleepy-5c962@appspot.gserviceaccount.com:testIamPermissions had HTTP Error: 404, Unknown service account","status":404}
[info] 
[info] === Deploying to 'sleepy-5c962'...
[info] 
[info] i  deploying functions 
[debug] [2026-05-16T10:05:48.374Z] Checked if tokens are valid: true, expires at: 1778929368404
[debug] [2026-05-16T10:05:48.374Z] Checked if tokens are valid: true, expires at: 1778929368404
[debug] [2026-05-16T10:05:48.374Z] >>> [apiv2][query] GET https://cloudresourcemanager.googleapis.com/v1/projects/sleepy-5c962 [none]
[debug] [2026-05-16T10:05:48.619Z] <<< [apiv2][status] GET https://cloudresourcemanager.googleapis.com/v1/projects/sleepy-5c962 200
[debug] [2026-05-16T10:05:48.619Z] <<< [apiv2][body] GET https://cloudresourcemanager.googleapis.com/v1/projects/sleepy-5c962 {"projectNumber":"152940098906","projectId":"sleepy-5c962","lifecycleState":"ACTIVE","name":"Sleepy","labels":{"firebase":"enabled","firebase-core":"disabled"},"createTime":"2026-05-02T23:28:31.035Z"}
[info] i  functions: preparing codebase default for deployment 
[info] i  functions: ensuring required API cloudfunctions.googleapis.com is enabled... 
[debug] [2026-05-16T10:05:48.621Z] Checked if tokens are valid: true, expires at: 1778929368404
[debug] [2026-05-16T10:05:48.621Z] Checked if tokens are valid: true, expires at: 1778929368404
[debug] [2026-05-16T10:05:48.621Z] Checked if tokens are valid: true, expires at: 1778929368404
[debug] [2026-05-16T10:05:48.621Z] Checked if tokens are valid: true, expires at: 1778929368404
[info] i  functions: ensuring required API cloudbuild.googleapis.com is enabled... 
[debug] [2026-05-16T10:05:48.622Z] Checked if tokens are valid: true, expires at: 1778929368404
[debug] [2026-05-16T10:05:48.622Z] Checked if tokens are valid: true, expires at: 1778929368404
[info] i  artifactregistry: ensuring required API artifactregistry.googleapis.com is enabled... 
[debug] [2026-05-16T10:05:48.622Z] Checked if tokens are valid: true, expires at: 1778929368404
[debug] [2026-05-16T10:05:48.622Z] Checked if tokens are valid: true, expires at: 1778929368404
[debug] [2026-05-16T10:05:48.623Z] >>> [apiv2][query] GET https://serviceusage.googleapis.com/v1/projects/sleepy-5c962/services/cloudfunctions.googleapis.com [none]
[debug] [2026-05-16T10:05:48.623Z] >>> [apiv2][(partial)header] GET https://serviceusage.googleapis.com/v1/projects/sleepy-5c962/services/cloudfunctions.googleapis.com  x-goog-user-project=sleepy-5c962
[debug] [2026-05-16T10:05:48.625Z] >>> [apiv2][query] GET https://serviceusage.googleapis.com/v1/projects/sleepy-5c962/services/runtimeconfig.googleapis.com [none]
[debug] [2026-05-16T10:05:48.625Z] >>> [apiv2][(partial)header] GET https://serviceusage.googleapis.com/v1/projects/sleepy-5c962/services/runtimeconfig.googleapis.com  x-goog-user-project=sleepy-5c962
[debug] [2026-05-16T10:05:48.627Z] >>> [apiv2][query] GET https://serviceusage.googleapis.com/v1/projects/sleepy-5c962/services/cloudbuild.googleapis.com [none]
[debug] [2026-05-16T10:05:48.627Z] >>> [apiv2][(partial)header] GET https://serviceusage.googleapis.com/v1/projects/sleepy-5c962/services/cloudbuild.googleapis.com  x-goog-user-project=sleepy-5c962
[debug] [2026-05-16T10:05:48.628Z] >>> [apiv2][query] GET https://serviceusage.googleapis.com/v1/projects/sleepy-5c962/services/artifactregistry.googleapis.com [none]
[debug] [2026-05-16T10:05:48.628Z] >>> [apiv2][(partial)header] GET https://serviceusage.googleapis.com/v1/projects/sleepy-5c962/services/artifactregistry.googleapis.com  x-goog-user-project=sleepy-5c962
[debug] [2026-05-16T10:05:49.749Z] <<< [apiv2][status] GET https://serviceusage.googleapis.com/v1/projects/sleepy-5c962/services/runtimeconfig.googleapis.com 200
[debug] [2026-05-16T10:05:49.749Z] <<< [apiv2][body] GET https://serviceusage.googleapis.com/v1/projects/sleepy-5c962/services/runtimeconfig.googleapis.com [omitted]
[debug] [2026-05-16T10:05:49.770Z] <<< [apiv2][status] GET https://serviceusage.googleapis.com/v1/projects/sleepy-5c962/services/cloudbuild.googleapis.com 200
[debug] [2026-05-16T10:05:49.770Z] <<< [apiv2][body] GET https://serviceusage.googleapis.com/v1/projects/sleepy-5c962/services/cloudbuild.googleapis.com [omitted]
[warn] ⚠  functions: missing required API cloudbuild.googleapis.com. Enabling now... 
[debug] [2026-05-16T10:05:49.771Z] Checked if tokens are valid: true, expires at: 1778929368404
[debug] [2026-05-16T10:05:49.771Z] Checked if tokens are valid: true, expires at: 1778929368404
[debug] [2026-05-16T10:05:49.771Z] >>> [apiv2][query] POST https://serviceusage.googleapis.com/v1/projects/sleepy-5c962/services/cloudbuild.googleapis.com:enable [none]
[debug] [2026-05-16T10:05:49.771Z] >>> [apiv2][(partial)header] POST https://serviceusage.googleapis.com/v1/projects/sleepy-5c962/services/cloudbuild.googleapis.com:enable  x-goog-user-project=sleepy-5c962
[debug] [2026-05-16T10:05:49.772Z] <<< [apiv2][status] GET https://serviceusage.googleapis.com/v1/projects/sleepy-5c962/services/cloudfunctions.googleapis.com 200
[debug] [2026-05-16T10:05:49.772Z] <<< [apiv2][body] GET https://serviceusage.googleapis.com/v1/projects/sleepy-5c962/services/cloudfunctions.googleapis.com [omitted]
[warn] ⚠  functions: missing required API cloudfunctions.googleapis.com. Enabling now... 
[debug] [2026-05-16T10:05:49.772Z] Checked if tokens are valid: true, expires at: 1778929368404
[debug] [2026-05-16T10:05:49.772Z] Checked if tokens are valid: true, expires at: 1778929368404
[debug] [2026-05-16T10:05:49.772Z] >>> [apiv2][query] POST https://serviceusage.googleapis.com/v1/projects/sleepy-5c962/services/cloudfunctions.googleapis.com:enable [none]
[debug] [2026-05-16T10:05:49.772Z] >>> [apiv2][(partial)header] POST https://serviceusage.googleapis.com/v1/projects/sleepy-5c962/services/cloudfunctions.googleapis.com:enable  x-goog-user-project=sleepy-5c962
[debug] [2026-05-16T10:05:49.773Z] <<< [apiv2][status] GET https://serviceusage.googleapis.com/v1/projects/sleepy-5c962/services/artifactregistry.googleapis.com 200
[debug] [2026-05-16T10:05:49.773Z] <<< [apiv2][body] GET https://serviceusage.googleapis.com/v1/projects/sleepy-5c962/services/artifactregistry.googleapis.com [omitted]
[warn] ⚠  artifactregistry: missing required API artifactregistry.googleapis.com. Enabling now... 
[debug] [2026-05-16T10:05:49.773Z] Checked if tokens are valid: true, expires at: 1778929368404
[debug] [2026-05-16T10:05:49.773Z] Checked if tokens are valid: true, expires at: 1778929368404
[debug] [2026-05-16T10:05:49.773Z] >>> [apiv2][query] POST https://serviceusage.googleapis.com/v1/projects/sleepy-5c962/services/artifactregistry.googleapis.com:enable [none]
[debug] [2026-05-16T10:05:49.773Z] >>> [apiv2][(partial)header] POST https://serviceusage.googleapis.com/v1/projects/sleepy-5c962/services/artifactregistry.googleapis.com:enable  x-goog-user-project=sleepy-5c962
[debug] [2026-05-16T10:05:50.534Z] <<< [apiv2][status] POST https://serviceusage.googleapis.com/v1/projects/sleepy-5c962/services/artifactregistry.googleapis.com:enable 200
[debug] [2026-05-16T10:05:50.534Z] <<< [apiv2][body] POST https://serviceusage.googleapis.com/v1/projects/sleepy-5c962/services/artifactregistry.googleapis.com:enable [omitted]
[debug] [2026-05-16T10:05:50.599Z] <<< [apiv2][status] POST https://serviceusage.googleapis.com/v1/projects/sleepy-5c962/services/cloudbuild.googleapis.com:enable 200
[debug] [2026-05-16T10:05:50.600Z] <<< [apiv2][body] POST https://serviceusage.googleapis.com/v1/projects/sleepy-5c962/services/cloudbuild.googleapis.com:enable [omitted]
[debug] [2026-05-16T10:05:51.207Z] <<< [apiv2][status] POST https://serviceusage.googleapis.com/v1/projects/sleepy-5c962/services/cloudfunctions.googleapis.com:enable 200
[debug] [2026-05-16T10:05:51.207Z] <<< [apiv2][body] POST https://serviceusage.googleapis.com/v1/projects/sleepy-5c962/services/cloudfunctions.googleapis.com:enable [omitted]
[debug] [2026-05-16T10:06:01.216Z] Checked if tokens are valid: true, expires at: 1778929368404
[debug] [2026-05-16T10:06:01.216Z] Checked if tokens are valid: true, expires at: 1778929368404
[debug] [2026-05-16T10:06:01.216Z] >>> [apiv2][query] GET https://firebase.googleapis.com/v1beta1/projects/sleepy-5c962/adminSdkConfig [none]
[debug] [2026-05-16T10:06:01.682Z] <<< [apiv2][status] GET https://firebase.googleapis.com/v1beta1/projects/sleepy-5c962/adminSdkConfig 200
[debug] [2026-05-16T10:06:01.683Z] <<< [apiv2][body] GET https://firebase.googleapis.com/v1beta1/projects/sleepy-5c962/adminSdkConfig {"projectId":"sleepy-5c962","storageBucket":"sleepy-5c962.firebasestorage.app"}
[debug] [2026-05-16T10:06:01.683Z] Checked if tokens are valid: true, expires at: 1778929368404
[debug] [2026-05-16T10:06:01.684Z] Checked if tokens are valid: true, expires at: 1778929368404
[debug] [2026-05-16T10:06:01.684Z] >>> [apiv2][query] GET https://runtimeconfig.googleapis.com/v1beta1/projects/sleepy-5c962/configs [none]
[debug] [2026-05-16T10:06:02.136Z] <<< [apiv2][status] GET https://runtimeconfig.googleapis.com/v1beta1/projects/sleepy-5c962/configs 200
[debug] [2026-05-16T10:06:02.136Z] <<< [apiv2][body] GET https://runtimeconfig.googleapis.com/v1beta1/projects/sleepy-5c962/configs {}
[debug] [2026-05-16T10:06:02.139Z] Validating nodejs source
[warn] ⚠  functions: Runtime Node.js 20 was deprecated on 2026-04-30 and will be decommissioned on 2026-10-30, after which you will not be able to deploy without upgrading. Consider upgrading now to avoid disruption. See https://cloud.google.com/functions/docs/runtime-support for full details on the lifecycle policy 
[warn] ⚠  functions: Couldn't find firebase-functions package in your source code. Have you run 'npm install'? 
[debug] [2026-05-16T10:06:02.141Z] getFunctionsSDKVersion encountered error: Cannot find module 'firebase-functions'
Require stack:
- /usr/local/lib/node_modules/firebase-tools/lib/deploy/functions/runtimes/node/versioning.js
- /usr/local/lib/node_modules/firebase-tools/lib/deploy/functions/runtimes/node/index.js
- /usr/local/lib/node_modules/firebase-tools/lib/deploy/functions/runtimes/index.js
- /usr/local/lib/node_modules/firebase-tools/lib/deploy/functions/prepare.js
- /usr/local/lib/node_modules/firebase-tools/lib/emulator/functionsEmulatorShared.js
- /usr/local/lib/node_modules/firebase-tools/lib/frameworks/index.js
- /usr/local/lib/node_modules/firebase-tools/lib/deploy/hosting/prepare.js
- /usr/local/lib/node_modules/firebase-tools/lib/deploy/hosting/index.js
- /usr/local/lib/node_modules/firebase-tools/lib/deploy/index.js
- /usr/local/lib/node_modules/firebase-tools/lib/commands/deploy.js
- /usr/local/lib/node_modules/firebase-tools/lib/commands/index.js
- /usr/local/lib/node_modules/firebase-tools/lib/index.js
- /usr/local/lib/node_modules/firebase-tools/lib/bin/cli.js
- /usr/local/lib/node_modules/firebase-tools/lib/bin/firebase.js {"code":"MODULE_NOT_FOUND","requireStack":["/usr/local/lib/node_modules/firebase-tools/lib/deploy/functions/runtimes/node/versioning.js","/usr/local/lib/node_modules/firebase-tools/lib/deploy/functions/runtimes/node/index.js","/usr/local/lib/node_modules/firebase-tools/lib/deploy/functions/runtimes/index.js","/usr/local/lib/node_modules/firebase-tools/lib/deploy/functions/prepare.js","/usr/local/lib/node_modules/firebase-tools/lib/emulator/functionsEmulatorShared.js","/usr/local/lib/node_modules/firebase-tools/lib/frameworks/index.js","/usr/local/lib/node_modules/firebase-tools/lib/deploy/hosting/prepare.js","/usr/local/lib/node_modules/firebase-tools/lib/deploy/hosting/index.js","/usr/local/lib/node_modules/firebase-tools/lib/deploy/index.js","/usr/local/lib/node_modules/firebase-tools/lib/commands/deploy.js","/usr/local/lib/node_modules/firebase-tools/lib/commands/index.js","/usr/local/lib/node_modules/firebase-tools/lib/index.js","/usr/local/lib/node_modules/firebase-tools/lib/bin/cli.js","/usr/local/lib/node_modules/firebase-tools/lib/bin/firebase.js"]}
[debug] [2026-05-16T10:06:02.143Z] checkFunctionsSDKVersion encountered error: Invalid Version:  {}
[debug] [2026-05-16T10:06:02.144Z] > [functions] package.json contents: {
  "name": "tuya-functions",
  "version": "1.0.0",
  "description": "Firebase Cloud Functions for Tuya lock integration",
  "engines": {
    "node": "20"
  },
  "main": "index.js",
  "scripts": {
    "deploy": "firebase deploy --only functions",
    "deploy:generate": "firebase deploy --only functions:generateOfflinePasswordOnReservation",
    "deploy:regenerate": "firebase deploy --only functions:regenerateTuyaPassword",
    "deploy:delete": "firebase deploy --only functions:deleteTuyaPassword"
  },
  "dependencies": {
    "firebase-admin": "^12.0.0",
    "firebase-functions": "^5.0.0"
  },
  "private": true
}
[debug] [2026-05-16T10:06:02.144Z] Building nodejs source
[info] i  functions: Loading and analyzing source code for codebase default to determine what to deploy 
[debug] [2026-05-16T10:06:02.145Z] Could not parse firebase-functions version '' into semver.
[debug] [2026-05-16T10:06:02.145Z] Could not find functions.yaml. Must use http discovery
[debug] [2026-05-16T10:06:02.157Z] Error: Cannot find module 'firebase-functions'
Require stack:
- /usr/local/lib/node_modules/firebase-tools/lib/deploy/functions/runtimes/node/index.js
- /usr/local/lib/node_modules/firebase-tools/lib/deploy/functions/runtimes/index.js
- /usr/local/lib/node_modules/firebase-tools/lib/deploy/functions/prepare.js
- /usr/local/lib/node_modules/firebase-tools/lib/emulator/functionsEmulatorShared.js
- /usr/local/lib/node_modules/firebase-tools/lib/frameworks/index.js
- /usr/local/lib/node_modules/firebase-tools/lib/deploy/hosting/prepare.js
- /usr/local/lib/node_modules/firebase-tools/lib/deploy/hosting/index.js
- /usr/local/lib/node_modules/firebase-tools/lib/deploy/index.js
- /usr/local/lib/node_modules/firebase-tools/lib/commands/deploy.js
- /usr/local/lib/node_modules/firebase-tools/lib/commands/index.js
- /usr/local/lib/node_modules/firebase-tools/lib/index.js
- /usr/local/lib/node_modules/firebase-tools/lib/bin/cli.js
- /usr/local/lib/node_modules/firebase-tools/lib/bin/firebase.js
    at Module._resolveFilename (node:internal/modules/cjs/loader:1476:15)
    at wrapResolveFilename (node:internal/modules/cjs/loader:1049:27)
    at resolveForCJSWithHooks (node:internal/modules/cjs/loader:1094:12)
    at require.resolve (node:internal/modules/helpers:171:31)
    at Delegate.findFunctionsBinary (/usr/local/lib/node_modules/firebase-tools/lib/deploy/functions/runtimes/node/index.js:101:33)
    at Delegate.spawnFunctionsProcess (/usr/local/lib/node_modules/firebase-tools/lib/deploy/functions/runtimes/node/index.js:131:30)
    at Delegate.serveAdmin (/usr/local/lib/node_modules/firebase-tools/lib/deploy/functions/runtimes/node/index.js:152:35)
    at Delegate.discoverBuild (/usr/local/lib/node_modules/firebase-tools/lib/deploy/functions/runtimes/node/index.js:192:41)
    at process.processTicksAndRejections (node:internal/process/task_queues:104:5)
    at async loadCodebases (/usr/local/lib/node_modules/firebase-tools/lib/deploy/functions/prepare.js:491:33)
[error] 
[error] Error: An unexpected error has occurred.
